<?xml version="1.0" encoding="UTF-8"?>
<!-- Generated by org.testng.reporters.JUnitReportReporter -->
<testsuite hostname="DESKTOP-OQJ7KRA" failures="0" tests="1" name="guru99.gittest.AppTest" time="3.365" errors="0" timestamp="8 Aug 2018 09:48:34 GMT">
  <testcase classname="guru99.gittest.AppTest" name="openMyBlog" time="3.365"/>
</testsuite> <!-- guru99.gittest.AppTest -->
